-----BEGIN RSA PRIVATE KEY-----
MIIEowIBAAKCAQEAxwH6IDc1m/Mnv93syxxkcmwDiru/amt/4KdvRwv14VMwxpM8
ks2geanXGs51b0rH4rRZrqEkjCJVON99U5AAX3KHRJ2dqsxezpk7Okgo4EmxMFaW
ivE0TN3XdihXpC0sVAMVLvcWoKlvhSxpicr9Wue9HUH8Zr8RW3yM/GC4UDk0r+7E
z5wWBLwqeIBDUxlZwCqnCNFSbr94Uge+ciLeVtdar0TbSHQAadp4nvg4sbOy291E
7lYhdM46SQm14MzVlH9H9uzJwmoCwAu3kKKWJM8JSLwNPRFk6RMjZR0nFBNSeDSl
G5dPOcyTJA/1OZKf3trBfN+1Tfuf4GMLrWJZFQIDAQABAoIBAA2gaYeeMCoLBsxA
/m9T9N7O3Zk4zN0VGk8AOALl40K4Bw151Hp64QOjqQp5W5owxSoVTlTCTPXZfftk
djjsEdJ3TaLZpgulbdJ4tJEDkuT0ttDIBQvjg0DGKfQ5w/KGc1QXV/J80cxTfcLh
LSLVxu5cEtt3grhoWeBpUWAQoV5AxZx8+q+Z9U/KS3EufemLPOVsoO+glrHHkMFU
0ucHcGXu79pzUZ8hSWMqS16kDG62/IM+fI8vBpXhv9uF3jx2f3cLNxWjnJszSaPE
Wto2Lv+Nag72R9IP6UuaEuJFkr0gf+OF17K9DfQYW34DxMgS264RWpwFHiRPfB29
pS3NwxECgYEA3tExXOjsXe6yOY84t/Wop0jxZSDTfSK91nWBOSk4W60xokXvCwbm
XvstFsBr27O4VRnZW9PwZIX02wqoKk/eAJIFmK8xHxKzYC2CWgXj6AbpYzDF5DyY
daUtPao6it5aUKAVzN8NcNKVh7qpyHGC0z9IX+pWY7Xp/UQaPz/D+Y0CgYEA5KUP
UOC+yNgFtNAuseYAxg1e8ffguH7ZaXKONW1K8/6ZqsFK2zZKp/A//fRfokolDgyw
t9yNoJXzQgUXtgwrnsFYcoErJtxUm7k+V2CHGqLLOsQcc4sOQ6Mz/vt3GpY7s6jX
82LqwLOVbKf+Y45SYzuJjqWiYb4VbtsM0V2ex6kCgYAZHIZtrCqHY5Fef0+rG9qI
D+Z0uUBch//RHakUohqh6mD/otYP7hUkezZXrBP7zMNng+RFPxuGmLpBvW+6ZQnm
Eo7i6Eum7tqcakSYlLVcvvqqnSKQWGvuRlFU88xpPin7kC8kybagEnubsmPUHUbb
O/SSKrzVu/jE/Fng6vTROQKBgQDfvG0KVYIbgtfCoVywFEN5iif4Wvj5UJdqygBC
Y5pOvDqejtqzO6M+Rqg312OlqSwtXVmn8RhdpZ4OYnFbYPlmNghYs/EH696XK2PH
mNtbwyVfcfvtTIs+wHrm7icUSyJModH/hjH1M0Xqt1EFFoWkOORYQ9hsENdkTNF0
JkpzUQKBgANQluFRh1GaaDVY4EEvHWLoJ3ZcfBecFIUhYGbjSQTz3oRmu1csQxd5
EyZ6OflYzbJKhFoKBHM4zTR1aetDJVDFH2GjPm/54CAPM+s0s3rNG44RO9N3XE+2
lPjo1tSp6XA6OvSvd96oiqlYVgBJwXlbDHweLbBOAbSnQxw+Nffj
-----END RSA PRIVATE KEY-----
-----BEGIN RSA PRIVATE KEY-----
MIIEowIBAAKCAQEAxwH6IDc1m/Mnv93syxxkcmwDiru/amt/4KdvRwv14VMwxpM8
ks2geanXGs51b0rH4rRZrqEkjCJVON99U5AAX3KHRJ2dqsxezpk7Okgo4EmxMFaW
ivE0TN3XdihXpC0sVAMVLvcWoKlvhSxpicr9Wue9HUH8Zr8RW3yM/GC4UDk0r+7E
z5wWBLwqeIBDUxlZwCqnCNFSbr94Uge+ciLeVtdar0TbSHQAadp4nvg4sbOy291E
7lYhdM46SQm14MzVlH9H9uzJwmoCwAu3kKKWJM8JSLwNPRFk6RMjZR0nFBNSeDSl
G5dPOcyTJA/1OZKf3trBfN+1Tfuf4GMLrWJZFQIDAQABAoIBAA2gaYeeMCoLBsxA
/m9T9N7O3Zk4zN0VGk8AOALl40K4Bw151Hp64QOjqQp5W5owxSoVTlTCTPXZfftk
djjsEdJ3TaLZpgulbdJ4tJEDkuT0ttDIBQvjg0DGKfQ5w/KGc1QXV/J80cxTfcLh
LSLVxu5cEtt3grhoWeBpUWAQoV5AxZx8+q+Z9U/KS3EufemLPOVsoO+glrHHkMFU
0ucHcGXu79pzUZ8hSWMqS16kDG62/IM+fI8vBpXhv9uF3jx2f3cLNxWjnJszSaPE
Wto2Lv+Nag72R9IP6UuaEuJFkr0gf+OF17K9DfQYW34DxMgS264RWpwFHiRPfB29
pS3NwxECgYEA3tExXOjsXe6yOY84t/Wop0jxZSDTfSK91nWBOSk4W60xokXvCwbm
XvstFsBr27O4VRnZW9PwZIX02wqoKk/eAJIFmK8xHxKzYC2CWgXj6AbpYzDF5DyY
daUtPao6it5aUKAVzN8NcNKVh7qpyHGC0z9IX+pWY7Xp/UQaPz/D+Y0CgYEA5KUP
UOC+yNgFtNAuseYAxg1e8ffguH7ZaXKONW1K8/6ZqsFK2zZKp/A//fRfokolDgyw
t9yNoJXzQgUXtgwrnsFYcoErJtxUm7k+V2CHGqLLOsQcc4sOQ6Mz/vt3GpY7s6jX
82LqwLOVbKf+Y45SYzuJjqWiYb4VbtsM0V2ex6kCgYAZHIZtrCqHY5Fef0+rG9qI
D+Z0uUBch//RHakUohqh6mD/otYP7hUkezZXrBP7zMNng+RFPxuGmLpBvW+6ZQnm
Eo7i6Eum7tqcakSYlLVcvvqqnSKQWGvuRlFU88xpPin7kC8kybagEnubsmPUHUbb
O/SSKrzVu/jE/Fng6vTROQKBgQDfvG0KVYIbgtfCoVywFEN5iif4Wvj5UJdqygBC
Y5pOvDqejtqzO6M+Rqg312OlqSwtXVmn8RhdpZ4OYnFbYPlmNghYs/EH696XK2PH
mNtbwyVfcfvtTIs+wHrm7icUSyJModH/hjH1M0Xqt1EFFoWkOORYQ9hsENdkTNF0
JkpzUQKBgANQluFRh1GaaDVY4EEvHWLoJ3ZcfBecFIUhYGbjSQTz3oRmu1csQxd5
EyZ6OflYzbJKhFoKBHM4zTR1aetDJVDFH2GjPm/54CAPM+s0s3rNG44RO9N3XE+2
lPjo1tSp6XA6OvSvd96oiqlYVgBJwXlbDHweLbBOAbSnQxw+Nffj
-----END RSA PRIVATE KEY-----
-----BEGIN RSA PRIVATE KEY-----
MIIEowIBAAKCAQEAxwH6IDc1m/Mnv93syxxkcmwDiru/amt/4KdvRwv14VMwxpM8
ks2geanXGs51b0rH4rRZrqEkjCJVON99U5AAX3KHRJ2dqsxezpk7Okgo4EmxMFaW
ivE0TN3XdihXpC0sVAMVLvcWoKlvhSxpicr9Wue9HUH8Zr8RW3yM/GC4UDk0r+7E
z5wWBLwqeIBDUxlZwCqnCNFSbr94Uge+ciLeVtdar0TbSHQAadp4nvg4sbOy291E
7lYhdM46SQm14MzVlH9H9uzJwmoCwAu3kKKWJM8JSLwNPRFk6RMjZR0nFBNSeDSl
G5dPOcyTJA/1OZKf3trBfN+1Tfuf4GMLrWJZFQIDAQABAoIBAA2gaYeeMCoLBsxA
/m9T9N7O3Zk4zN0VGk8AOALl40K4Bw151Hp64QOjqQp5W5owxSoVTlTCTPXZfftk
djjsEdJ3TaLZpgulbdJ4tJEDkuT0ttDIBQvjg0DGKfQ5w/KGc1QXV/J80cxTfcLh
LSLVxu5cEtt3grhoWeBpUWAQoV5AxZx8+q+Z9U/KS3EufemLPOVsoO+glrHHkMFU
0ucHcGXu79pzUZ8hSWMqS16kDG62/IM+fI8vBpXhv9uF3jx2f3cLNxWjnJszSaPE
Wto2Lv+Nag72R9IP6UuaEuJFkr0gf+OF17K9DfQYW34DxMgS264RWpwFHiRPfB29
pS3NwxECgYEA3tExXOjsXe6yOY84t/Wop0jxZSDTfSK91nWBOSk4W60xokXvCwbm
XvstFsBr27O4VRnZW9PwZIX02wqoKk/eAJIFmK8xHxKzYC2CWgXj6AbpYzDF5DyY
daUtPao6it5aUKAVzN8NcNKVh7qpyHGC0z9IX+pWY7Xp/UQaPz/D+Y0CgYEA5KUP
UOC+yNgFtNAuseYAxg1e8ffguH7ZaXKONW1K8/6ZqsFK2zZKp/A//fRfokolDgyw
t9yNoJXzQgUXtgwrnsFYcoErJtxUm7k+V2CHGqLLOsQcc4sOQ6Mz/vt3GpY7s6jX
82LqwLOVbKf+Y45SYzuJjqWiYb4VbtsM0V2ex6kCgYAZHIZtrCqHY5Fef0+rG9qI
D+Z0uUBch//RHakUohqh6mD/otYP7hUkezZXrBP7zMNng+RFPxuGmLpBvW+6ZQnm
Eo7i6Eum7tqcakSYlLVcvvqqnSKQWGvuRlFU88xpPin7kC8kybagEnubsmPUHUbb
O/SSKrzVu/jE/Fng6vTROQKBgQDfvG0KVYIbgtfCoVywFEN5iif4Wvj5UJdqygBC
Y5pOvDqejtqzO6M+Rqg312OlqSwtXVmn8RhdpZ4OYnFbYPlmNghYs/EH696XK2PH
mNtbwyVfcfvtTIs+wHrm7icUSyJModH/hjH1M0Xqt1EFFoWkOORYQ9hsENdkTNF0
JkpzUQKBgANQluFRh1GaaDVY4EEvHWLoJ3ZcfBecFIUhYGbjSQTz3oRmu1csQxd5
EyZ6OflYzbJKhFoKBHM4zTR1aetDJVDFH2GjPm/54CAPM+s0s3rNG44RO9N3XE+2
lPjo1tSp6XA6OvSvd96oiqlYVgBJwXlbDHweLbBOAbSnQxw+Nffj
-----END RSA PRIVATE KEY-----
-----BEGIN RSA PRIVATE KEY-----
MIIEowIBAAKCAQEAxwH6IDc1m/Mnv93syxxkcmwDiru/amt/4KdvRwv14VMwxpM8
ks2geanXGs51b0rH4rRZrqEkjCJVON99U5AAX3KHRJ2dqsxezpk7Okgo4EmxMFaW
ivE0TN3XdihXpC0sVAMVLvcWoKlvhSxpicr9Wue9HUH8Zr8RW3yM/GC4UDk0r+7E
z5wWBLwqeIBDUxlZwCqnCNFSbr94Uge+ciLeVtdar0TbSHQAadp4nvg4sbOy291E
7lYhdM46SQm14MzVlH9H9uzJwmoCwAu3kKKWJM8JSLwNPRFk6RMjZR0nFBNSeDSl
G5dPOcyTJA/1OZKf3trBfN+1Tfuf4GMLrWJZFQIDAQABAoIBAA2gaYeeMCoLBsxA
/m9T9N7O3Zk4zN0VGk8AOALl40K4Bw151Hp64QOjqQp5W5owxSoVTlTCTPXZfftk
djjsEdJ3TaLZpgulbdJ4tJEDkuT0ttDIBQvjg0DGKfQ5w/KGc1QXV/J80cxTfcLh
LSLVxu5cEtt3grhoWeBpUWAQoV5AxZx8+q+Z9U/KS3EufemLPOVsoO+glrHHkMFU
0ucHcGXu79pzUZ8hSWMqS16kDG62/IM+fI8vBpXhv9uF3jx2f3cLNxWjnJszSaPE
Wto2Lv+Nag72R9IP6UuaEuJFkr0gf+OF17K9DfQYW34DxMgS264RWpwFHiRPfB29
pS3NwxECgYEA3tExXOjsXe6yOY84t/Wop0jxZSDTfSK91nWBOSk4W60xokXvCwbm
XvstFsBr27O4VRnZW9PwZIX02wqoKk/eAJIFmK8xHxKzYC2CWgXj6AbpYzDF5DyY
daUtPao6it5aUKAVzN8NcNKVh7qpyHGC0z9IX+pWY7Xp/UQaPz/D+Y0CgYEA5KUP
UOC+yNgFtNAuseYAxg1e8ffguH7ZaXKONW1K8/6ZqsFK2zZKp/A//fRfokolDgyw
t9yNoJXzQgUXtgwrnsFYcoErJtxUm7k+V2CHGqLLOsQcc4sOQ6Mz/vt3GpY7s6jX
82LqwLOVbKf+Y45SYzuJjqWiYb4VbtsM0V2ex6kCgYAZHIZtrCqHY5Fef0+rG9qI
D+Z0uUBch//RHakUohqh6mD/otYP7hUkezZXrBP7zMNng+RFPxuGmLpBvW+6ZQnm
Eo7i6Eum7tqcakSYlLVcvvqqnSKQWGvuRlFU88xpPin7kC8kybagEnubsmPUHUbb
O/SSKrzVu/jE/Fng6vTROQKBgQDfvG0KVYIbgtfCoVywFEN5iif4Wvj5UJdqygBC
Y5pOvDqejtqzO6M+Rqg312OlqSwtXVmn8RhdpZ4OYnFbYPlmNghYs/EH696XK2PH
mNtbwyVfcfvtTIs+wHrm7icUSyJModH/hjH1M0Xqt1EFFoWkOORYQ9hsENdkTNF0
JkpzUQKBgANQluFRh1GaaDVY4EEvHWLoJ3ZcfBecFIUhYGbjSQTz3oRmu1csQxd5
EyZ6OflYzbJKhFoKBHM4zTR1aetDJVDFH2GjPm/54CAPM+s0s3rNG44RO9N3XE+2
lPjo1tSp6XA6OvSvd96oiqlYVgBJwXlbDHweLbBOAbSnQxw+Nffj
-----END RSA PRIVATE KEY-----
-----BEGIN RSA PRIVATE KEY-----
MIIEowIBAAKCAQEAxwH6IDc1m/Mnv93syxxkcmwDiru/amt/4KdvRwv14VMwxpM8
ks2geanXGs51b0rH4rRZrqEkjCJVON99U5AAX3KHRJ2dqsxezpk7Okgo4EmxMFaW
ivE0TN3XdihXpC0sVAMVLvcWoKlvhSxpicr9Wue9HUH8Zr8RW3yM/GC4UDk0r+7E
z5wWBLwqeIBDUxlZwCqnCNFSbr94Uge+ciLeVtdar0TbSHQAadp4nvg4sbOy291E
7lYhdM46SQm14MzVlH9H9uzJwmoCwAu3kKKWJM8JSLwNPRFk6RMjZR0nFBNSeDSl
G5dPOcyTJA/1OZKf3trBfN+1Tfuf4GMLrWJZFQIDAQABAoIBAA2gaYeeMCoLBsxA
/m9T9N7O3Zk4zN0VGk8AOALl40K4Bw151Hp64QOjqQp5W5owxSoVTlTCTPXZfftk
djjsEdJ3TaLZpgulbdJ4tJEDkuT0ttDIBQvjg0DGKfQ5w/KGc1QXV/J80cxTfcLh
LSLVxu5cEtt3grhoWeBpUWAQoV5AxZx8+q+Z9U/KS3EufemLPOVsoO+glrHHkMFU
0ucHcGXu79pzUZ8hSWMqS16kDG62/IM+fI8vBpXhv9uF3jx2f3cLNxWjnJszSaPE
Wto2Lv+Nag72R9IP6UuaEuJFkr0gf+OF17K9DfQYW34DxMgS264RWpwFHiRPfB29
pS3NwxECgYEA3tExXOjsXe6yOY84t/Wop0jxZSDTfSK91nWBOSk4W60xokXvCwbm
XvstFsBr27O4VRnZW9PwZIX02wqoKk/eAJIFmK8xHxKzYC2CWgXj6AbpYzDF5DyY
daUtPao6it5aUKAVzN8NcNKVh7qpyHGC0z9IX+pWY7Xp/UQaPz/D+Y0CgYEA5KUP
UOC+yNgFtNAuseYAxg1e8ffguH7ZaXKONW1K8/6ZqsFK2zZKp/A//fRfokolDgyw
t9yNoJXzQgUXtgwrnsFYcoErJtxUm7k+V2CHGqLLOsQcc4sOQ6Mz/vt3GpY7s6jX
82LqwLOVbKf+Y45SYzuJjqWiYb4VbtsM0V2ex6kCgYAZHIZtrCqHY5Fef0+rG9qI
D+Z0uUBch//RHakUohqh6mD/otYP7hUkezZXrBP7zMNng+RFPxuGmLpBvW+6ZQnm
Eo7i6Eum7tqcakSYlLVcvvqqnSKQWGvuRlFU88xpPin7kC8kybagEnubsmPUHUbb
O/SSKrzVu/jE/Fng6vTROQKBgQDfvG0KVYIbgtfCoVywFEN5iif4Wvj5UJdqygBC
Y5pOvDqejtqzO6M+Rqg312OlqSwtXVmn8RhdpZ4OYnFbYPlmNghYs/EH696XK2PH
mNtbwyVfcfvtTIs+wHrm7icUSyJModH/hjH1M0Xqt1EFFoWkOORYQ9hsENdkTNF0
JkpzUQKBgANQluFRh1GaaDVY4EEvHWLoJ3ZcfBecFIUhYGbjSQTz3oRmu1csQxd5
EyZ6OflYzbJKhFoKBHM4zTR1aetDJVDFH2GjPm/54CAPM+s0s3rNG44RO9N3XE+2
lPjo1tSp6XA6OvSvd96oiqlYVgBJwXlbDHweLbBOAbSnQxw+Nffj
-----END RSA PRIVATE KEY-----
-----BEGIN RSA PRIVATE KEY-----
MIIEowIBAAKCAQEAxwH6IDc1m/Mnv93syxxkcmwDiru/amt/4KdvRwv14VMwxpM8
ks2geanXGs51b0rH4rRZrqEkjCJVON99U5AAX3KHRJ2dqsxezpk7Okgo4EmxMFaW
ivE0TN3XdihXpC0sVAMVLvcWoKlvhSxpicr9Wue9HUH8Zr8RW3yM/GC4UDk0r+7E
z5wWBLwqeIBDUxlZwCqnCNFSbr94Uge+ciLeVtdar0TbSHQAadp4nvg4sbOy291E
7lYhdM46SQm14MzVlH9H9uzJwmoCwAu3kKKWJM8JSLwNPRFk6RMjZR0nFBNSeDSl
G5dPOcyTJA/1OZKf3trBfN+1Tfuf4GMLrWJZFQIDAQABAoIBAA2gaYeeMCoLBsxA
/m9T9N7O3Zk4zN0VGk8AOALl40K4Bw151Hp64QOjqQp5W5owxSoVTlTCTPXZfftk
djjsEdJ3TaLZpgulbdJ4tJEDkuT0ttDIBQvjg0DGKfQ5w/KGc1QXV/J80cxTfcLh
LSLVxu5cEtt3grhoWeBpUWAQoV5AxZx8+q+Z9U/KS3EufemLPOVsoO+glrHHkMFU
0ucHcGXu79pzUZ8hSWMqS16kDG62/IM+fI8vBpXhv9uF3jx2f3cLNxWjnJszSaPE
Wto2Lv+Nag72R9IP6UuaEuJFkr0gf+OF17K9DfQYW34DxMgS264RWpwFHiRPfB29
pS3NwxECgYEA3tExXOjsXe6yOY84t/Wop0jxZSDTfSK91nWBOSk4W60xokXvCwbm
XvstFsBr27O4VRnZW9PwZIX02wqoKk/eAJIFmK8xHxKzYC2CWgXj6AbpYzDF5DyY
daUtPao6it5aUKAVzN8NcNKVh7qpyHGC0z9IX+pWY7Xp/UQaPz/D+Y0CgYEA5KUP
UOC+yNgFtNAuseYAxg1e8ffguH7ZaXKONW1K8/6ZqsFK2zZKp/A//fRfokolDgyw
t9yNoJXzQgUXtgwrnsFYcoErJtxUm7k+V2CHGqLLOsQcc4sOQ6Mz/vt3GpY7s6jX
82LqwLOVbKf+Y45SYzuJjqWiYb4VbtsM0V2ex6kCgYAZHIZtrCqHY5Fef0+rG9qI
D+Z0uUBch//RHakUohqh6mD/otYP7hUkezZXrBP7zMNng+RFPxuGmLpBvW+6ZQnm
Eo7i6Eum7tqcakSYlLVcvvqqnSKQWGvuRlFU88xpPin7kC8kybagEnubsmPUHUbb
O/SSKrzVu/jE/Fng6vTROQKBgQDfvG0KVYIbgtfCoVywFEN5iif4Wvj5UJdqygBC
Y5pOvDqejtqzO6M+Rqg312OlqSwtXVmn8RhdpZ4OYnFbYPlmNghYs/EH696XK2PH
mNtbwyVfcfvtTIs+wHrm7icUSyJModH/hjH1M0Xqt1EFFoWkOORYQ9hsENdkTNF0
JkpzUQKBgANQluFRh1GaaDVY4EEvHWLoJ3ZcfBecFIUhYGbjSQTz3oRmu1csQxd5
EyZ6OflYzbJKhFoKBHM4zTR1aetDJVDFH2GjPm/54CAPM+s0s3rNG44RO9N3XE+2
lPjo1tSp6XA6OvSvd96oiqlYVgBJwXlbDHweLbBOAbSnQxw+Nffj
-----END RSA PRIVATE KEY-----
-----BEGIN RSA PRIVATE KEY-----
MIIEowIBAAKCAQEAxwH6IDc1m/Mnv93syxxkcmwDiru/amt/4KdvRwv14VMwxpM8
ks2geanXGs51b0rH4rRZrqEkjCJVON99U5AAX3KHRJ2dqsxezpk7Okgo4EmxMFaW
ivE0TN3XdihXpC0sVAMVLvcWoKlvhSxpicr9Wue9HUH8Zr8RW3yM/GC4UDk0r+7E
z5wWBLwqeIBDUxlZwCqnCNFSbr94Uge+ciLeVtdar0TbSHQAadp4nvg4sbOy291E
7lYhdM46SQm14MzVlH9H9uzJwmoCwAu3kKKWJM8JSLwNPRFk6RMjZR0nFBNSeDSl
G5dPOcyTJA/1OZKf3trBfN+1Tfuf4GMLrWJZFQIDAQABAoIBAA2gaYeeMCoLBsxA
/m9T9N7O3Zk4zN0VGk8AOALl40K4Bw151Hp64QOjqQp5W5owxSoVTlTCTPXZfftk
djjsEdJ3TaLZpgulbdJ4tJEDkuT0ttDIBQvjg0DGKfQ5w/KGc1QXV/J80cxTfcLh
LSLVxu5cEtt3grhoWeBpUWAQoV5AxZx8+q+Z9U/KS3EufemLPOVsoO+glrHHkMFU
0ucHcGXu79pzUZ8hSWMqS16kDG62/IM+fI8vBpXhv9uF3jx2f3cLNxWjnJszSaPE
Wto2Lv+Nag72R9IP6UuaEuJFkr0gf+OF17K9DfQYW34DxMgS264RWpwFHiRPfB29
pS3NwxECgYEA3tExXOjsXe6yOY84t/Wop0jxZSDTfSK91nWBOSk4W60xokXvCwbm
XvstFsBr27O4VRnZW9PwZIX02wqoKk/eAJIFmK8xHxKzYC2CWgXj6AbpYzDF5DyY
daUtPao6it5aUKAVzN8NcNKVh7qpyHGC0z9IX+pWY7Xp/UQaPz/D+Y0CgYEA5KUP
UOC+yNgFtNAuseYAxg1e8ffguH7ZaXKONW1K8/6ZqsFK2zZKp/A//fRfokolDgyw
t9yNoJXzQgUXtgwrnsFYcoErJtxUm7k+V2CHGqLLOsQcc4sOQ6Mz/vt3GpY7s6jX
82LqwLOVbKf+Y45SYzuJjqWiYb4VbtsM0V2ex6kCgYAZHIZtrCqHY5Fef0+rG9qI
D+Z0uUBch//RHakUohqh6mD/otYP7hUkezZXrBP7zMNng+RFPxuGmLpBvW+6ZQnm
Eo7i6Eum7tqcakSYlLVcvvqqnSKQWGvuRlFU88xpPin7kC8kybagEnubsmPUHUbb
O/SSKrzVu/jE/Fng6vTROQKBgQDfvG0KVYIbgtfCoVywFEN5iif4Wvj5UJdqygBC
Y5pOvDqejtqzO6M+Rqg312OlqSwtXVmn8RhdpZ4OYnFbYPlmNghYs/EH696XK2PH
mNtbwyVfcfvtTIs+wHrm7icUSyJModH/hjH1M0Xqt1EFFoWkOORYQ9hsENdkTNF0
JkpzUQKBgANQluFRh1GaaDVY4EEvHWLoJ3ZcfBecFIUhYGbjSQTz3oRmu1csQxd5
EyZ6OflYzbJKhFoKBHM4zTR1aetDJVDFH2GjPm/54CAPM+s0s3rNG44RO9N3XE+2
lPjo1tSp6XA6OvSvd96oiqlYVgBJwXlbDHweLbBOAbSnQxw+Nffj
-----END RSA PRIVATE KEY-----
-----BEGIN RSA PRIVATE KEY-----
MIIEowIBAAKCAQEAxwH6IDc1m/Mnv93syxxkcmwDiru/amt/4KdvRwv14VMwxpM8
ks2geanXGs51b0rH4rRZrqEkjCJVON99U5AAX3KHRJ2dqsxezpk7Okgo4EmxMFaW
ivE0TN3XdihXpC0sVAMVLvcWoKlvhSxpicr9Wue9HUH8Zr8RW3yM/GC4UDk0r+7E
z5wWBLwqeIBDUxlZwCqnCNFSbr94Uge+ciLeVtdar0TbSHQAadp4nvg4sbOy291E
7lYhdM46SQm14MzVlH9H9uzJwmoCwAu3kKKWJM8JSLwNPRFk6RMjZR0nFBNSeDSl
G5dPOcyTJA/1OZKf3trBfN+1Tfuf4GMLrWJZFQIDAQABAoIBAA2gaYeeMCoLBsxA
/m9T9N7O3Zk4zN0VGk8AOALl40K4Bw151Hp64QOjqQp5W5owxSoVTlTCTPXZfftk
djjsEdJ3TaLZpgulbdJ4tJEDkuT0ttDIBQvjg0DGKfQ5w/KGc1QXV/J80cxTfcLh
LSLVxu5cEtt3grhoWeBpUWAQoV5AxZx8+q+Z9U/KS3EufemLPOVsoO+glrHHkMFU
0ucHcGXu79pzUZ8hSWMqS16kDG62/IM+fI8vBpXhv9uF3jx2f3cLNxWjnJszSaPE
Wto2Lv+Nag72R9IP6UuaEuJFkr0gf+OF17K9DfQYW34DxMgS264RWpwFHiRPfB29
pS3NwxECgYEA3tExXOjsXe6yOY84t/Wop0jxZSDTfSK91nWBOSk4W60xokXvCwbm
XvstFsBr27O4VRnZW9PwZIX02wqoKk/eAJIFmK8xHxKzYC2CWgXj6AbpYzDF5DyY
daUtPao6it5aUKAVzN8NcNKVh7qpyHGC0z9IX+pWY7Xp/UQaPz/D+Y0CgYEA5KUP
UOC+yNgFtNAuseYAxg1e8ffguH7ZaXKONW1K8/6ZqsFK2zZKp/A//fRfokolDgyw
t9yNoJXzQgUXtgwrnsFYcoErJtxUm7k+V2CHGqLLOsQcc4sOQ6Mz/vt3GpY7s6jX
82LqwLOVbKf+Y45SYzuJjqWiYb4VbtsM0V2ex6kCgYAZHIZtrCqHY5Fef0+rG9qI
D+Z0uUBch//RHakUohqh6mD/otYP7hUkezZXrBP7zMNng+RFPxuGmLpBvW+6ZQnm
Eo7i6Eum7tqcakSYlLVcvvqqnSKQWGvuRlFU88xpPin7kC8kybagEnubsmPUHUbb
O/SSKrzVu/jE/Fng6vTROQKBgQDfvG0KVYIbgtfCoVywFEN5iif4Wvj5UJdqygBC
Y5pOvDqejtqzO6M+Rqg312OlqSwtXVmn8RhdpZ4OYnFbYPlmNghYs/EH696XK2PH
mNtbwyVfcfvtTIs+wHrm7icUSyJModH/hjH1M0Xqt1EFFoWkOORYQ9hsENdkTNF0
JkpzUQKBgANQluFRh1GaaDVY4EEvHWLoJ3ZcfBecFIUhYGbjSQTz3oRmu1csQxd5
EyZ6OflYzbJKhFoKBHM4zTR1aetDJVDFH2GjPm/54CAPM+s0s3rNG44RO9N3XE+2
lPjo1tSp6XA6OvSvd96oiqlYVgBJwXlbDHweLbBOAbSnQxw+Nffj
-----END RSA PRIVATE KEY-----
-----BEGIN RSA PRIVATE KEY-----
MIIEowIBAAKCAQEAxwH6IDc1m/Mnv93syxxkcmwDiru/amt/4KdvRwv14VMwxpM8
ks2geanXGs51b0rH4rRZrqEkjCJVON99U5AAX3KHRJ2dqsxezpk7Okgo4EmxMFaW
ivE0TN3XdihXpC0sVAMVLvcWoKlvhSxpicr9Wue9HUH8Zr8RW3yM/GC4UDk0r+7E
z5wWBLwqeIBDUxlZwCqnCNFSbr94Uge+ciLeVtdar0TbSHQAadp4nvg4sbOy291E
7lYhdM46SQm14MzVlH9H9uzJwmoCwAu3kKKWJM8JSLwNPRFk6RMjZR0nFBNSeDSl
G5dPOcyTJA/1OZKf3trBfN+1Tfuf4GMLrWJZFQIDAQABAoIBAA2gaYeeMCoLBsxA
/m9T9N7O3Zk4zN0VGk8AOALl40K4Bw151Hp64QOjqQp5W5owxSoVTlTCTPXZfftk
djjsEdJ3TaLZpgulbdJ4tJEDkuT0ttDIBQvjg0DGKfQ5w/KGc1QXV/J80cxTfcLh
LSLVxu5cEtt3grhoWeBpUWAQoV5AxZx8+q+Z9U/KS3EufemLPOVsoO+glrHHkMFU
0ucHcGXu79pzUZ8hSWMqS16kDG62/IM+fI8vBpXhv9uF3jx2f3cLNxWjnJszSaPE
Wto2Lv+Nag72R9IP6UuaEuJFkr0gf+OF17K9DfQYW34DxMgS264RWpwFHiRPfB29
pS3NwxECgYEA3tExXOjsXe6yOY84t/Wop0jxZSDTfSK91nWBOSk4W60xokXvCwbm
XvstFsBr27O4VRnZW9PwZIX02wqoKk/eAJIFmK8xHxKzYC2CWgXj6AbpYzDF5DyY
daUtPao6it5aUKAVzN8NcNKVh7qpyHGC0z9IX+pWY7Xp/UQaPz/D+Y0CgYEA5KUP
UOC+yNgFtNAuseYAxg1e8ffguH7ZaXKONW1K8/6ZqsFK2zZKp/A//fRfokolDgyw
t9yNoJXzQgUXtgwrnsFYcoErJtxUm7k+V2CHGqLLOsQcc4sOQ6Mz/vt3GpY7s6jX
82LqwLOVbKf+Y45SYzuJjqWiYb4VbtsM0V2ex6kCgYAZHIZtrCqHY5Fef0+rG9qI
D+Z0uUBch//RHakUohqh6mD/otYP7hUkezZXrBP7zMNng+RFPxuGmLpBvW+6ZQnm
Eo7i6Eum7tqcakSYlLVcvvqqnSKQWGvuRlFU88xpPin7kC8kybagEnubsmPUHUbb
O/SSKrzVu/jE/Fng6vTROQKBgQDfvG0KVYIbgtfCoVywFEN5iif4Wvj5UJdqygBC
Y5pOvDqejtqzO6M+Rqg312OlqSwtXVmn8RhdpZ4OYnFbYPlmNghYs/EH696XK2PH
mNtbwyVfcfvtTIs+wHrm7icUSyJModH/hjH1M0Xqt1EFFoWkOORYQ9hsENdkTNF0
JkpzUQKBgANQluFRh1GaaDVY4EEvHWLoJ3ZcfBecFIUhYGbjSQTz3oRmu1csQxd5
EyZ6OflYzbJKhFoKBHM4zTR1aetDJVDFH2GjPm/54CAPM+s0s3rNG44RO9N3XE+2
lPjo1tSp6XA6OvSvd96oiqlYVgBJwXlbDHweLbBOAbSnQxw+Nffj
-----END RSA PRIVATE KEY-----
Hello world!Hello world!