2024-10-30 16:11:39,868: INFO:asymencclass.__init__: Init ASYM
2024-10-30 16:11:39,932: INFO:asymencclass.__init__: Public Key Loaded
2024-10-30 16:11:39,933: INFO:symencclass.__init__: Init SYM
2024-10-30 16:11:39,934: INFO:dheclass.__init__: Init DHE
2024-10-30 16:11:39,935: WARNING:dheclass.GenerateKeys: DHE Generate New Keys.
2024-10-30 16:11:40,132: WARNING:dheclass.GetPublicKeyExp: DHE Public key export.
2024-10-30 16:11:40,510: WARNING:dheclass.PublicKeyImp: DHE Public key import: MIICJTCCAR....cvCI+DXsw==
2024-10-30 16:11:40,512: WARNING:dheclass.Exchange: DHE Exchange access
2024-10-30 16:49:54,149: INFO:asymencclass.__init__: Init ASYM
2024-10-30 16:49:54,279: INFO:asymencclass.__init__: Public Key Loaded
2024-10-30 16:49:54,280: INFO:symencclass.__init__: Init SYM
2024-10-30 16:49:54,281: INFO:dheclass.__init__: Init DHE
2024-10-30 16:49:54,282: WARNING:dheclass.GenerateKeys: DHE Generate New Keys.
2024-10-30 16:49:54,475: WARNING:dheclass.GetPublicKeyExp: DHE Public key export.
2024-10-30 16:49:54,869: WARNING:dheclass.PublicKeyImp: DHE Public key import: MIICJDCCAR....r1FN1HX9xid
2024-10-30 16:49:54,872: WARNING:dheclass.Exchange: DHE Exchange access
2024-10-30 16:53:30,229: INFO:asymencclass.__init__: Init ASYM
2024-10-30 16:53:30,305: INFO:asymencclass.__init__: Public Key Loaded
2024-10-30 16:53:30,306: INFO:symencclass.__init__: Init SYM
2024-10-30 16:53:30,307: INFO:dheclass.__init__: Init DHE
2024-10-30 16:53:30,308: WARNING:dheclass.GenerateKeys: DHE Generate New Keys.
2024-10-30 16:53:30,494: WARNING:dheclass.GetPublicKeyExp: DHE Public key export.
2024-10-30 16:53:30,869: WARNING:dheclass.PublicKeyImp: DHE Public key import: MIICJDCCAR....gQHc9/Ss7Qz
2024-10-30 16:53:30,871: WARNING:dheclass.Exchange: DHE Exchange access
2024-10-30 16:54:42,738: INFO:asymencclass.__init__: Init ASYM
2024-10-30 16:54:42,814: INFO:asymencclass.__init__: Public Key Loaded
2024-10-30 16:54:42,816: INFO:symencclass.__init__: Init SYM
2024-10-30 16:54:42,817: INFO:dheclass.__init__: Init DHE
2024-10-30 16:54:42,819: WARNING:dheclass.GenerateKeys: DHE Generate New Keys.
2024-10-30 16:54:43,019: WARNING:dheclass.GetPublicKeyExp: DHE Public key export.
2024-10-30 16:54:43,467: WARNING:dheclass.PublicKeyImp: DHE Public key import: MIICJTCCAR....1oZWwJnrw==
2024-10-30 16:54:43,469: WARNING:dheclass.Exchange: DHE Exchange access
2024-10-30 16:54:44,711: INFO:asymencclass.__init__: Init ASYM
2024-10-30 16:54:44,770: INFO:asymencclass.__init__: Public Key Loaded
2024-10-30 16:54:44,771: INFO:symencclass.__init__: Init SYM
2024-10-30 16:54:44,772: INFO:dheclass.__init__: Init DHE
2024-10-30 16:54:44,775: WARNING:dheclass.GenerateKeys: DHE Generate New Keys.
2024-10-30 16:54:44,975: WARNING:dheclass.GetPublicKeyExp: DHE Public key export.
2024-10-30 16:54:53,672: WARNING:dheclass.PublicKeyImp: DHE Public key import: MIICJTCCAR....xeEOOtZsA==
2024-10-30 16:54:53,674: WARNING:dheclass.Exchange: DHE Exchange access
2024-10-30 16:55:31,344: INFO:asymencclass.__init__: Init ASYM
2024-10-30 16:55:31,445: INFO:asymencclass.__init__: Public Key Loaded
2024-10-30 16:55:31,449: INFO:symencclass.__init__: Init SYM
2024-10-30 16:55:31,450: INFO:dheclass.__init__: Init DHE
2024-10-30 16:55:31,451: WARNING:dheclass.GenerateKeys: DHE Generate New Keys.
2024-10-30 16:55:31,656: WARNING:dheclass.GetPublicKeyExp: DHE Public key export.
2024-10-30 16:55:32,045: WARNING:dheclass.PublicKeyImp: DHE Public key import: MIICJTCCAR....F6lr4sM9Q==
2024-10-30 16:55:32,046: WARNING:dheclass.Exchange: DHE Exchange access
2024-10-30 16:55:32,277: INFO:asymencclass.__init__: Init ASYM
2024-10-30 16:55:32,337: INFO:asymencclass.__init__: Public Key Loaded
2024-10-30 16:55:32,338: INFO:symencclass.__init__: Init SYM
2024-10-30 16:55:32,339: INFO:dheclass.__init__: Init DHE
2024-10-30 16:55:32,340: WARNING:dheclass.GenerateKeys: DHE Generate New Keys.
2024-10-30 16:55:32,535: WARNING:dheclass.GetPublicKeyExp: DHE Public key export.
2024-10-30 16:55:43,171: WARNING:dheclass.PublicKeyImp: DHE Public key import: MIICJTCCAR....glKAZqAxg==
2024-10-30 16:55:43,173: WARNING:dheclass.Exchange: DHE Exchange access
2024-10-30 17:01:11,769: INFO:asymencclass.__init__: Init ASYM
2024-10-30 17:01:11,845: INFO:asymencclass.__init__: Public Key Loaded
2024-10-30 17:01:11,846: INFO:symencclass.__init__: Init SYM
2024-10-30 17:01:11,847: INFO:dheclass.__init__: Init DHE
2024-10-30 17:01:11,848: WARNING:dheclass.GenerateKeys: DHE Generate New Keys.
2024-10-30 17:01:12,084: WARNING:dheclass.GetPublicKeyExp: DHE Public key export.
2024-10-30 17:01:12,474: WARNING:dheclass.PublicKeyImp: DHE Public key import: MIICJTCCAR....V2kgGMO2w==
2024-10-30 17:01:12,476: WARNING:dheclass.Exchange: DHE Exchange access
2024-10-30 17:01:28,571: INFO:asymencclass.__init__: Init ASYM
2024-10-30 17:01:28,628: INFO:asymencclass.__init__: Public Key Loaded
2024-10-30 17:01:28,629: INFO:symencclass.__init__: Init SYM
2024-10-30 17:01:28,630: INFO:dheclass.__init__: Init DHE
2024-10-30 17:01:28,631: WARNING:dheclass.GenerateKeys: DHE Generate New Keys.
2024-10-30 17:01:28,858: WARNING:dheclass.GetPublicKeyExp: DHE Public key export.
2024-10-30 17:01:29,303: WARNING:dheclass.PublicKeyImp: DHE Public key import: MIICJTCCAR....uwJb6GKMA==
2024-10-30 17:01:29,305: WARNING:dheclass.Exchange: DHE Exchange access
2024-10-30 17:01:30,711: INFO:asymencclass.__init__: Init ASYM
2024-10-30 17:01:30,774: INFO:asymencclass.__init__: Public Key Loaded
2024-10-30 17:01:30,776: INFO:symencclass.__init__: Init SYM
2024-10-30 17:01:30,776: INFO:dheclass.__init__: Init DHE
2024-10-30 17:01:30,777: WARNING:dheclass.GenerateKeys: DHE Generate New Keys.
2024-10-30 17:01:30,969: WARNING:dheclass.GetPublicKeyExp: DHE Public key export.
2024-10-30 17:01:31,358: WARNING:dheclass.PublicKeyImp: DHE Public key import: MIICJTCCAR....8du9wcrEA==
2024-10-30 17:01:31,373: WARNING:dheclass.Exchange: DHE Exchange access
2024-10-30 17:01:44,610: INFO:asymencclass.__init__: Init ASYM
2024-10-30 17:01:44,676: INFO:asymencclass.__init__: Public Key Loaded
2024-10-30 17:01:44,677: INFO:symencclass.__init__: Init SYM
2024-10-30 17:01:44,679: INFO:dheclass.__init__: Init DHE
2024-10-30 17:01:44,680: WARNING:dheclass.GenerateKeys: DHE Generate New Keys.
2024-10-30 17:01:44,914: WARNING:dheclass.GetPublicKeyExp: DHE Public key export.
2024-10-30 17:01:45,386: WARNING:dheclass.PublicKeyImp: DHE Public key import: MIICJTCCAR....ZS0X6YVfg==
2024-10-30 17:01:45,388: WARNING:dheclass.Exchange: DHE Exchange access
2024-10-30 17:01:45,466: INFO:asymencclass.__init__: Init ASYM
2024-10-30 17:01:45,540: INFO:asymencclass.__init__: Public Key Loaded
2024-10-30 17:01:45,541: INFO:symencclass.__init__: Init SYM
2024-10-30 17:01:45,542: INFO:dheclass.__init__: Init DHE
2024-10-30 17:01:45,542: WARNING:dheclass.GenerateKeys: DHE Generate New Keys.
2024-10-30 17:01:45,741: WARNING:dheclass.GetPublicKeyExp: DHE Public key export.
2024-10-30 17:01:46,368: WARNING:dheclass.PublicKeyImp: DHE Public key import: MIICJDCCAR....6vk15aEgK0j
2024-10-30 17:01:46,379: WARNING:dheclass.Exchange: DHE Exchange access
2024-10-30 17:02:39,955: INFO:asymencclass.__init__: Init ASYM
2024-10-30 17:02:40,014: INFO:asymencclass.__init__: Public Key Loaded
2024-10-30 17:02:40,015: INFO:symencclass.__init__: Init SYM
2024-10-30 17:02:40,016: INFO:dheclass.__init__: Init DHE
2024-10-30 17:02:44,933: INFO:asymencclass.__init__: Init ASYM
2024-10-30 17:02:45,003: INFO:asymencclass.__init__: Public Key Loaded
2024-10-30 17:02:45,004: INFO:symencclass.__init__: Init SYM
2024-10-30 17:02:45,005: INFO:dheclass.__init__: Init DHE
2024-10-30 17:02:45,005: WARNING:dheclass.GenerateKeys: DHE Generate New Keys.
2024-10-30 17:02:45,214: WARNING:dheclass.GetPublicKeyExp: DHE Public key export.
2024-10-30 17:02:45,580: WARNING:dheclass.PublicKeyImp: DHE Public key import: MIICJDCCAR....eHeX9BFoUGm
2024-10-30 17:02:45,583: WARNING:dheclass.Exchange: DHE Exchange access
2024-10-30 17:04:19,453: INFO:asymencclass.__init__: Init ASYM
2024-10-30 17:04:19,503: INFO:asymencclass.__init__: Public Key Loaded
2024-10-30 17:04:19,504: INFO:symencclass.__init__: Init SYM
2024-10-30 17:04:19,505: INFO:dheclass.__init__: Init DHE
2024-10-30 17:04:19,505: WARNING:dheclass.GenerateKeys: DHE Generate New Keys.
2024-10-30 17:04:19,704: WARNING:dheclass.GetPublicKeyExp: DHE Public key export.
2024-10-30 17:06:17,701: INFO:asymencclass.__init__: Init ASYM
2024-10-30 17:06:17,820: INFO:asymencclass.__init__: Public Key Loaded
2024-10-30 17:06:17,821: INFO:symencclass.__init__: Init SYM
2024-10-30 17:06:17,822: INFO:dheclass.__init__: Init DHE
2024-10-30 17:06:17,822: WARNING:dheclass.GenerateKeys: DHE Generate New Keys.
2024-10-30 17:06:18,006: WARNING:dheclass.GetPublicKeyExp: DHE Public key export.
2024-10-30 17:06:18,377: WARNING:dheclass.PublicKeyImp: DHE Public key import: MIICJDCCAR....f3IS8fsfB9Z
2024-10-30 17:06:18,380: WARNING:dheclass.Exchange: DHE Exchange access
2024-10-30 17:07:31,540: INFO:asymencclass.__init__: Init ASYM
2024-10-30 17:07:31,600: INFO:asymencclass.__init__: Public Key Loaded
2024-10-30 17:07:31,601: INFO:symencclass.__init__: Init SYM
2024-10-30 17:07:31,602: INFO:dheclass.__init__: Init DHE
2024-10-30 17:07:31,604: WARNING:dheclass.GenerateKeys: DHE Generate New Keys.
2024-10-30 17:07:31,793: WARNING:dheclass.GetPublicKeyExp: DHE Public key export.
2024-10-30 17:07:32,157: WARNING:dheclass.PublicKeyImp: DHE Public key import: MIICJDCCAR....gkKbsNL42ng
2024-10-30 17:07:32,159: WARNING:dheclass.Exchange: DHE Exchange access
