2024-10-30 16:11:39,868: INFO:asymencclass.__init__: Init ASYM
2024-10-30 16:11:39,932: INFO:asymencclass.__init__: Public Key Loaded
2024-10-30 16:11:39,933: INFO:symencclass.__init__: Init SYM
2024-10-30 16:11:39,934: INFO:dheclass.__init__: Init DHE
2024-10-30 16:11:39,935: WARNING:dheclass.GenerateKeys: DHE Generate New Keys.
2024-10-30 16:11:40,132: WARNING:dheclass.GetPublicKeyExp: DHE Public key export.
2024-10-30 16:11:40,510: WARNING:dheclass.PublicKeyImp: DHE Public key import: MIICJTCCAR....cvCI+DXsw==
2024-10-30 16:11:40,512: WARNING:dheclass.Exchange: DHE Exchange access
2024-10-30 16:49:54,149: INFO:asymencclass.__init__: Init ASYM
2024-10-30 16:49:54,279: INFO:asymencclass.__init__: Public Key Loaded
2024-10-30 16:49:54,280: INFO:symencclass.__init__: Init SYM
2024-10-30 16:49:54,281: INFO:dheclass.__init__: Init DHE
2024-10-30 16:49:54,282: WARNING:dheclass.GenerateKeys: DHE Generate New Keys.
2024-10-30 16:49:54,475: WARNING:dheclass.GetPublicKeyExp: DHE Public key export.
2024-10-30 16:49:54,869: WARNING:dheclass.PublicKeyImp: DHE Public key import: MIICJDCCAR....r1FN1HX9xid
2024-10-30 16:49:54,872: WARNING:dheclass.Exchange: DHE Exchange access
2024-10-30 16:53:30,229: INFO:asymencclass.__init__: Init ASYM
2024-10-30 16:53:30,305: INFO:asymencclass.__init__: Public Key Loaded
2024-10-30 16:53:30,306: INFO:symencclass.__init__: Init SYM
2024-10-30 16:53:30,307: INFO:dheclass.__init__: Init DHE
2024-10-30 16:53:30,308: WARNING:dheclass.GenerateKeys: DHE Generate New Keys.
2024-10-30 16:53:30,494: WARNING:dheclass.GetPublicKeyExp: DHE Public key export.
2024-10-30 16:53:30,869: WARNING:dheclass.PublicKeyImp: DHE Public key import: MIICJDCCAR....gQHc9/Ss7Qz
2024-10-30 16:53:30,871: WARNING:dheclass.Exchange: DHE Exchange access
2024-10-30 16:54:42,738: INFO:asymencclass.__init__: Init ASYM
2024-10-30 16:54:42,814: INFO:asymencclass.__init__: Public Key Loaded
2024-10-30 16:54:42,816: INFO:symencclass.__init__: Init SYM
2024-10-30 16:54:42,817: INFO:dheclass.__init__: Init DHE
2024-10-30 16:54:42,819: WARNING:dheclass.GenerateKeys: DHE Generate New Keys.
2024-10-30 16:54:43,019: WARNING:dheclass.GetPublicKeyExp: DHE Public key export.
2024-10-30 16:54:43,467: WARNING:dheclass.PublicKeyImp: DHE Public key import: MIICJTCCAR....1oZWwJnrw==
2024-10-30 16:54:43,469: WARNING:dheclass.Exchange: DHE Exchange access
2024-10-30 16:54:44,711: INFO:asymencclass.__init__: Init ASYM
2024-10-30 16:54:44,770: INFO:asymencclass.__init__: Public Key Loaded
2024-10-30 16:54:44,771: INFO:symencclass.__init__: Init SYM
2024-10-30 16:54:44,772: INFO:dheclass.__init__: Init DHE
2024-10-30 16:54:44,775: WARNING:dheclass.GenerateKeys: DHE Generate New Keys.
2024-10-30 16:54:44,975: WARNING:dheclass.GetPublicKeyExp: DHE Public key export.
2024-10-30 16:54:53,672: WARNING:dheclass.PublicKeyImp: DHE Public key import: MIICJTCCAR....xeEOOtZsA==
2024-10-30 16:54:53,674: WARNING:dheclass.Exchange: DHE Exchange access
2024-10-30 16:55:31,344: INFO:asymencclass.__init__: Init ASYM
2024-10-30 16:55:31,445: INFO:asymencclass.__init__: Public Key Loaded
2024-10-30 16:55:31,449: INFO:symencclass.__init__: Init SYM
2024-10-30 16:55:31,450: INFO:dheclass.__init__: Init DHE
2024-10-30 16:55:31,451: WARNING:dheclass.GenerateKeys: DHE Generate New Keys.
2024-10-30 16:55:31,656: WARNING:dheclass.GetPublicKeyExp: DHE Public key export.
2024-10-30 16:55:32,045: WARNING:dheclass.PublicKeyImp: DHE Public key import: MIICJTCCAR....F6lr4sM9Q==
2024-10-30 16:55:32,046: WARNING:dheclass.Exchange: DHE Exchange access
2024-10-30 16:55:32,277: INFO:asymencclass.__init__: Init ASYM
2024-10-30 16:55:32,337: INFO:asymencclass.__init__: Public Key Loaded
2024-10-30 16:55:32,338: INFO:symencclass.__init__: Init SYM
2024-10-30 16:55:32,339: INFO:dheclass.__init__: Init DHE
2024-10-30 16:55:32,340: WARNING:dheclass.GenerateKeys: DHE Generate New Keys.
2024-10-30 16:55:32,535: WARNING:dheclass.GetPublicKeyExp: DHE Public key export.
2024-10-30 16:55:43,171: WARNING:dheclass.PublicKeyImp: DHE Public key import: MIICJTCCAR....glKAZqAxg==
2024-10-30 16:55:43,173: WARNING:dheclass.Exchange: DHE Exchange access
2024-10-30 17:01:11,769: INFO:asymencclass.__init__: Init ASYM
2024-10-30 17:01:11,845: INFO:asymencclass.__init__: Public Key Loaded
2024-10-30 17:01:11,846: INFO:symencclass.__init__: Init SYM
2024-10-30 17:01:11,847: INFO:dheclass.__init__: Init DHE
2024-10-30 17:01:11,848: WARNING:dheclass.GenerateKeys: DHE Generate New Keys.
2024-10-30 17:01:12,084: WARNING:dheclass.GetPublicKeyExp: DHE Public key export.
2024-10-30 17:01:12,474: WARNING:dheclass.PublicKeyImp: DHE Public key import: MIICJTCCAR....V2kgGMO2w==
2024-10-30 17:01:12,476: WARNING:dheclass.Exchange: DHE Exchange access
2024-10-30 17:01:28,571: INFO:asymencclass.__init__: Init ASYM
2024-10-30 17:01:28,628: INFO:asymencclass.__init__: Public Key Loaded
2024-10-30 17:01:28,629: INFO:symencclass.__init__: Init SYM
2024-10-30 17:01:28,630: INFO:dheclass.__init__: Init DHE
2024-10-30 17:01:28,631: WARNING:dheclass.GenerateKeys: DHE Generate New Keys.
2024-10-30 17:01:28,858: WARNING:dheclass.GetPublicKeyExp: DHE Public key export.
2024-10-30 17:01:29,303: WARNING:dheclass.PublicKeyImp: DHE Public key import: MIICJTCCAR....uwJb6GKMA==
2024-10-30 17:01:29,305: WARNING:dheclass.Exchange: DHE Exchange access
2024-10-30 17:01:30,711: INFO:asymencclass.__init__: Init ASYM
2024-10-30 17:01:30,774: INFO:asymencclass.__init__: Public Key Loaded
2024-10-30 17:01:30,776: INFO:symencclass.__init__: Init SYM
2024-10-30 17:01:30,776: INFO:dheclass.__init__: Init DHE
2024-10-30 17:01:30,777: WARNING:dheclass.GenerateKeys: DHE Generate New Keys.
2024-10-30 17:01:30,969: WARNING:dheclass.GetPublicKeyExp: DHE Public key export.
2024-10-30 17:01:31,358: WARNING:dheclass.PublicKeyImp: DHE Public key import: MIICJTCCAR....8du9wcrEA==
2024-10-30 17:01:31,373: WARNING:dheclass.Exchange: DHE Exchange access
2024-10-30 17:01:44,610: INFO:asymencclass.__init__: Init ASYM
2024-10-30 17:01:44,676: INFO:asymencclass.__init__: Public Key Loaded
2024-10-30 17:01:44,677: INFO:symencclass.__init__: Init SYM
2024-10-30 17:01:44,679: INFO:dheclass.__init__: Init DHE
2024-10-30 17:01:44,680: WARNING:dheclass.GenerateKeys: DHE Generate New Keys.
2024-10-30 17:01:44,914: WARNING:dheclass.GetPublicKeyExp: DHE Public key export.
2024-10-30 17:01:45,386: WARNING:dheclass.PublicKeyImp: DHE Public key import: MIICJTCCAR....ZS0X6YVfg==
2024-10-30 17:01:45,388: WARNING:dheclass.Exchange: DHE Exchange access
2024-10-30 17:01:45,466: INFO:asymencclass.__init__: Init ASYM
2024-10-30 17:01:45,540: INFO:asymencclass.__init__: Public Key Loaded
2024-10-30 17:01:45,541: INFO:symencclass.__init__: Init SYM
2024-10-30 17:01:45,542: INFO:dheclass.__init__: Init DHE
2024-10-30 17:01:45,542: WARNING:dheclass.GenerateKeys: DHE Generate New Keys.
2024-10-30 17:01:45,741: WARNING:dheclass.GetPublicKeyExp: DHE Public key export.
2024-10-30 17:01:46,368: WARNING:dheclass.PublicKeyImp: DHE Public key import: MIICJDCCAR....6vk15aEgK0j
2024-10-30 17:01:46,379: WARNING:dheclass.Exchange: DHE Exchange access
2024-10-30 17:02:39,955: INFO:asymencclass.__init__: Init ASYM
2024-10-30 17:02:40,014: INFO:asymencclass.__init__: Public Key Loaded
2024-10-30 17:02:40,015: INFO:symencclass.__init__: Init SYM
2024-10-30 17:02:40,016: INFO:dheclass.__init__: Init DHE
2024-10-30 17:02:44,933: INFO:asymencclass.__init__: Init ASYM
2024-10-30 17:02:45,003: INFO:asymencclass.__init__: Public Key Loaded
2024-10-30 17:02:45,004: INFO:symencclass.__init__: Init SYM
2024-10-30 17:02:45,005: INFO:dheclass.__init__: Init DHE
2024-10-30 17:02:45,005: WARNING:dheclass.GenerateKeys: DHE Generate New Keys.
2024-10-30 17:02:45,214: WARNING:dheclass.GetPublicKeyExp: DHE Public key export.
2024-10-30 17:02:45,580: WARNING:dheclass.PublicKeyImp: DHE Public key import: MIICJDCCAR....eHeX9BFoUGm
2024-10-30 17:02:45,583: WARNING:dheclass.Exchange: DHE Exchange access
2024-10-30 17:04:19,453: INFO:asymencclass.__init__: Init ASYM
2024-10-30 17:04:19,503: INFO:asymencclass.__init__: Public Key Loaded
2024-10-30 17:04:19,504: INFO:symencclass.__init__: Init SYM
2024-10-30 17:04:19,505: INFO:dheclass.__init__: Init DHE
2024-10-30 17:04:19,505: WARNING:dheclass.GenerateKeys: DHE Generate New Keys.
2024-10-30 17:04:19,704: WARNING:dheclass.GetPublicKeyExp: DHE Public key export.
2024-10-30 17:06:17,701: INFO:asymencclass.__init__: Init ASYM
2024-10-30 17:06:17,820: INFO:asymencclass.__init__: Public Key Loaded
2024-10-30 17:06:17,821: INFO:symencclass.__init__: Init SYM
2024-10-30 17:06:17,822: INFO:dheclass.__init__: Init DHE
2024-10-30 17:06:17,822: WARNING:dheclass.GenerateKeys: DHE Generate New Keys.
2024-10-30 17:06:18,006: WARNING:dheclass.GetPublicKeyExp: DHE Public key export.
2024-10-30 17:06:18,377: WARNING:dheclass.PublicKeyImp: DHE Public key import: MIICJDCCAR....f3IS8fsfB9Z
2024-10-30 17:06:18,380: WARNING:dheclass.Exchange: DHE Exchange access
2024-10-30 17:07:31,540: INFO:asymencclass.__init__: Init ASYM
2024-10-30 17:07:31,600: INFO:asymencclass.__init__: Public Key Loaded
2024-10-30 17:07:31,601: INFO:symencclass.__init__: Init SYM
2024-10-30 17:07:31,602: INFO:dheclass.__init__: Init DHE
2024-10-30 17:07:31,604: WARNING:dheclass.GenerateKeys: DHE Generate New Keys.
2024-10-30 17:07:31,793: WARNING:dheclass.GetPublicKeyExp: DHE Public key export.
2024-10-30 17:07:32,157: WARNING:dheclass.PublicKeyImp: DHE Public key import: MIICJDCCAR....gkKbsNL42ng
2024-10-30 17:07:32,159: WARNING:dheclass.Exchange: DHE Exchange access
2024-10-30 18:03:35,941: INFO:asymencclass.__init__: Init ASYM
2024-10-30 18:03:36,083: INFO:asymencclass.__init__: Public Key Loaded
2024-10-30 18:03:36,084: INFO:symencclass.__init__: Init SYM
2024-10-30 18:03:36,085: INFO:dheclass.__init__: Init DHE
2024-10-30 18:03:36,086: WARNING:dheclass.GenerateKeys: DHE Generate New Keys.
2024-10-30 18:03:36,349: WARNING:dheclass.GetPublicKeyExp: DHE Public key export.
2024-10-30 18:03:36,782: WARNING:dheclass.PublicKeyImp: DHE Public key import: MIICJDCCAR....8HF0kgkDGrI
2024-10-30 18:03:36,784: WARNING:dheclass.Exchange: DHE Exchange access
2024-10-30 18:04:49,761: INFO:asymencclass.__init__: Init ASYM
2024-10-30 18:04:49,848: INFO:asymencclass.__init__: Public Key Loaded
2024-10-30 18:04:49,849: INFO:symencclass.__init__: Init SYM
2024-10-30 18:04:49,850: INFO:dheclass.__init__: Init DHE
2024-10-30 18:04:49,851: WARNING:dheclass.GenerateKeys: DHE Generate New Keys.
2024-10-30 18:04:50,130: WARNING:dheclass.GetPublicKeyExp: DHE Public key export.
2024-10-30 18:04:50,534: WARNING:dheclass.PublicKeyImp: DHE Public key import: MIICJTCCAR....uwc5oDomQ==
2024-10-30 18:04:50,536: WARNING:dheclass.Exchange: DHE Exchange access
2024-10-30 18:05:55,372: INFO:asymencclass.__init__: Init ASYM
2024-10-30 18:05:55,434: INFO:asymencclass.__init__: Public Key Loaded
2024-10-30 18:05:55,435: INFO:symencclass.__init__: Init SYM
2024-10-30 18:05:55,435: INFO:dheclass.__init__: Init DHE
2024-10-30 18:06:04,929: INFO:asymencclass.__init__: Init ASYM
2024-10-30 18:06:04,997: INFO:asymencclass.__init__: Public Key Loaded
2024-10-30 18:06:04,998: INFO:symencclass.__init__: Init SYM
2024-10-30 18:06:04,999: INFO:dheclass.__init__: Init DHE
2024-10-30 18:06:06,112: INFO:asymencclass.__init__: Init ASYM
2024-10-30 18:06:06,184: INFO:asymencclass.__init__: Public Key Loaded
2024-10-30 18:06:06,185: INFO:symencclass.__init__: Init SYM
2024-10-30 18:06:06,186: INFO:dheclass.__init__: Init DHE
2024-10-30 18:06:33,659: INFO:asymencclass.__init__: Init ASYM
2024-10-30 18:06:33,735: INFO:asymencclass.__init__: Public Key Loaded
2024-10-30 18:06:33,736: INFO:symencclass.__init__: Init SYM
2024-10-30 18:06:33,737: INFO:dheclass.__init__: Init DHE
2024-10-30 18:06:33,738: WARNING:dheclass.GenerateKeys: DHE Generate New Keys.
2024-10-30 18:06:34,003: WARNING:dheclass.GetPublicKeyExp: DHE Public key export.
2024-10-30 18:06:53,167: INFO:asymencclass.__init__: Init ASYM
2024-10-30 18:06:53,245: INFO:asymencclass.__init__: Public Key Loaded
2024-10-30 18:06:53,246: INFO:symencclass.__init__: Init SYM
2024-10-30 18:06:53,246: INFO:dheclass.__init__: Init DHE
2024-10-30 18:06:53,248: WARNING:dheclass.GenerateKeys: DHE Generate New Keys.
2024-10-30 18:06:53,510: WARNING:dheclass.GetPublicKeyExp: DHE Public key export.
2024-10-30 18:09:00,897: INFO:asymencclass.__init__: Init ASYM
2024-10-30 18:09:00,989: INFO:asymencclass.__init__: Public Key Loaded
2024-10-30 18:09:00,990: INFO:symencclass.__init__: Init SYM
2024-10-30 18:09:00,990: INFO:dheclass.__init__: Init DHE
2024-10-30 18:09:00,991: WARNING:dheclass.GenerateKeys: DHE Generate New Keys.
2024-10-30 18:09:01,258: WARNING:dheclass.GetPublicKeyExp: DHE Public key export.
2024-10-30 18:09:15,383: INFO:asymencclass.__init__: Init ASYM
2024-10-30 18:09:15,445: INFO:asymencclass.__init__: Public Key Loaded
2024-10-30 18:09:15,446: INFO:symencclass.__init__: Init SYM
2024-10-30 18:09:15,447: INFO:dheclass.__init__: Init DHE
2024-10-30 18:09:15,447: WARNING:dheclass.GenerateKeys: DHE Generate New Keys.
2024-10-30 18:09:15,651: WARNING:dheclass.GetPublicKeyExp: DHE Public key export.
2024-10-30 18:13:46,615: INFO:asymencclass.__init__: Init ASYM
2024-10-30 18:13:46,750: INFO:asymencclass.__init__: Public Key Loaded
2024-10-30 18:13:46,752: INFO:symencclass.__init__: Init SYM
2024-10-30 18:13:46,754: INFO:dheclass.__init__: Init DHE
2024-10-30 18:14:48,965: INFO:asymencclass.__init__: Init ASYM
2024-10-30 18:14:49,040: INFO:asymencclass.__init__: Public Key Loaded
2024-10-30 18:14:49,040: INFO:symencclass.__init__: Init SYM
2024-10-30 18:14:49,042: INFO:dheclass.__init__: Init DHE
2024-10-30 18:14:49,043: WARNING:dheclass.GenerateKeys: DHE Generate New Keys.
2024-10-30 18:14:49,278: WARNING:dheclass.GetPublicKeyExp: DHE Public key export.
2024-10-30 18:14:49,660: WARNING:dheclass.PublicKeyImp: DHE Public key import: MIICJDCCAR....RENBn46nOab
2024-10-30 18:14:49,662: WARNING:dheclass.Exchange: DHE Exchange access
2024-10-30 18:15:07,300: INFO:asymencclass.__init__: Init ASYM
2024-10-30 18:15:07,374: INFO:asymencclass.__init__: Public Key Loaded
2024-10-30 18:15:07,375: INFO:symencclass.__init__: Init SYM
2024-10-30 18:15:07,377: INFO:dheclass.__init__: Init DHE
2024-10-30 18:15:07,378: WARNING:dheclass.GenerateKeys: DHE Generate New Keys.
2024-10-30 18:15:07,589: WARNING:dheclass.GetPublicKeyExp: DHE Public key export.
2024-10-30 18:15:13,315: INFO:asymencclass.__init__: Init ASYM
2024-10-30 18:15:13,395: INFO:asymencclass.__init__: Public Key Loaded
2024-10-30 18:15:13,396: INFO:symencclass.__init__: Init SYM
2024-10-30 18:15:13,397: INFO:dheclass.__init__: Init DHE
2024-10-30 18:15:13,398: WARNING:dheclass.GenerateKeys: DHE Generate New Keys.
2024-10-30 18:15:13,592: WARNING:dheclass.GetPublicKeyExp: DHE Public key export.
2024-10-30 18:19:04,098: INFO:asymencclass.__init__: Init ASYM
2024-10-30 18:19:04,138: INFO:asymencclass.__init__: Public Key Loaded
2024-10-30 18:19:04,138: INFO:symencclass.__init__: Init SYM
2024-10-30 18:19:04,138: INFO:dheclass.__init__: Init DHE
2024-10-30 18:19:04,139: WARNING:dheclass.GenerateKeys: DHE Generate New Keys.
2024-10-30 18:19:04,223: WARNING:dheclass.GetPublicKeyExp: DHE Public key export.
2024-10-30 18:19:15,873: INFO:asymencclass.__init__: Init ASYM
2024-10-30 18:19:15,895: INFO:asymencclass.__init__: Public Key Loaded
2024-10-30 18:19:15,895: INFO:symencclass.__init__: Init SYM
2024-10-30 18:19:15,896: INFO:dheclass.__init__: Init DHE
2024-10-30 18:19:15,896: WARNING:dheclass.GenerateKeys: DHE Generate New Keys.
2024-10-30 18:19:16,006: WARNING:dheclass.GetPublicKeyExp: DHE Public key export.
2024-10-30 18:19:32,125: INFO:asymencclass.__init__: Init ASYM
2024-10-30 18:19:32,149: INFO:asymencclass.__init__: Public Key Loaded
2024-10-30 18:19:32,150: INFO:symencclass.__init__: Init SYM
2024-10-30 18:19:32,150: INFO:dheclass.__init__: Init DHE
2024-10-30 18:19:32,151: WARNING:dheclass.GenerateKeys: DHE Generate New Keys.
2024-10-30 18:19:32,280: WARNING:dheclass.GetPublicKeyExp: DHE Public key export.
2024-10-30 18:19:55,433: INFO:asymencclass.__init__: Init ASYM
2024-10-30 18:19:55,456: INFO:asymencclass.__init__: Public Key Loaded
2024-10-30 18:19:55,457: INFO:symencclass.__init__: Init SYM
2024-10-30 18:19:55,457: INFO:dheclass.__init__: Init DHE
2024-10-30 18:19:55,458: WARNING:dheclass.GenerateKeys: DHE Generate New Keys.
2024-10-30 18:19:55,587: WARNING:dheclass.GetPublicKeyExp: DHE Public key export.
2024-10-30 18:19:55,807: WARNING:dheclass.PublicKeyImp: DHE Public key import: MIICJTCCAR....iFA5E20uQ==
2024-10-30 18:19:55,809: WARNING:dheclass.Exchange: DHE Exchange access
2024-10-30 18:21:26,543: INFO:asymencclass.__init__: Init ASYM
2024-10-30 18:21:26,566: INFO:asymencclass.__init__: Public Key Loaded
2024-10-30 18:21:26,567: INFO:symencclass.__init__: Init SYM
2024-10-30 18:21:26,567: INFO:dheclass.__init__: Init DHE
2024-10-30 18:21:26,568: WARNING:dheclass.GenerateKeys: DHE Generate New Keys.
2024-10-30 18:21:26,710: WARNING:dheclass.GetPublicKeyExp: DHE Public key export.
2024-10-30 18:21:26,898: WARNING:dheclass.PublicKeyImp: DHE Public key import: MIICJTCCAR....H8pVdtKaQ==
2024-10-30 18:21:26,900: WARNING:dheclass.Exchange: DHE Exchange access
2024-10-30 18:26:53,673: INFO:asymencclass.__init__: Init ASYM
2024-10-30 18:26:53,696: INFO:asymencclass.__init__: Public Key Loaded
2024-10-30 18:26:53,697: INFO:symencclass.__init__: Init SYM
2024-10-30 18:26:53,697: INFO:dheclass.__init__: Init DHE
2024-10-30 18:26:53,698: WARNING:dheclass.GenerateKeys: DHE Generate New Keys.
2024-10-30 18:26:53,799: WARNING:dheclass.GetPublicKeyExp: DHE Public key export.
2024-10-30 18:27:18,438: INFO:asymencclass.__init__: Init ASYM
2024-10-30 18:27:18,468: INFO:asymencclass.__init__: Public Key Loaded
2024-10-30 18:27:18,468: INFO:symencclass.__init__: Init SYM
2024-10-30 18:27:18,469: INFO:dheclass.__init__: Init DHE
2024-10-30 18:27:18,469: WARNING:dheclass.GenerateKeys: DHE Generate New Keys.
2024-10-30 18:27:18,554: WARNING:dheclass.GetPublicKeyExp: DHE Public key export.
2024-10-30 18:27:22,243: INFO:asymencclass.__init__: Init ASYM
2024-10-30 18:27:22,265: INFO:asymencclass.__init__: Public Key Loaded
2024-10-30 18:27:22,265: INFO:symencclass.__init__: Init SYM
2024-10-30 18:27:22,266: INFO:dheclass.__init__: Init DHE
2024-10-30 18:27:22,266: WARNING:dheclass.GenerateKeys: DHE Generate New Keys.
2024-10-30 18:27:22,351: WARNING:dheclass.GetPublicKeyExp: DHE Public key export.
2024-10-30 18:27:37,374: INFO:asymencclass.__init__: Init ASYM
2024-10-30 18:27:37,400: INFO:asymencclass.__init__: Public Key Loaded
2024-10-30 18:27:37,401: INFO:symencclass.__init__: Init SYM
2024-10-30 18:27:37,401: INFO:dheclass.__init__: Init DHE
2024-10-30 18:27:37,401: WARNING:dheclass.GenerateKeys: DHE Generate New Keys.
2024-10-30 18:27:37,506: WARNING:dheclass.GetPublicKeyExp: DHE Public key export.
2024-10-30 18:27:37,689: WARNING:dheclass.PublicKeyImp: DHE Public key import: MIICJDCCAR....blaXg08xEMy
2024-10-30 18:27:37,690: WARNING:dheclass.Exchange: DHE Exchange access
2024-10-30 18:29:54,534: INFO:asymencclass.__init__: Init ASYM
2024-10-30 18:29:54,563: INFO:asymencclass.__init__: Public Key Loaded
2024-10-30 18:29:54,563: INFO:symencclass.__init__: Init SYM
2024-10-30 18:29:54,564: INFO:dheclass.__init__: Init DHE
2024-10-30 18:29:54,564: WARNING:dheclass.GenerateKeys: DHE Generate New Keys.
2024-10-30 18:29:54,694: WARNING:dheclass.GetPublicKeyExp: DHE Public key export.
2024-10-30 18:30:02,033: INFO:asymencclass.__init__: Init ASYM
2024-10-30 18:30:02,062: INFO:asymencclass.__init__: Public Key Loaded
2024-10-30 18:30:02,063: INFO:symencclass.__init__: Init SYM
2024-10-30 18:30:02,063: INFO:dheclass.__init__: Init DHE
2024-10-30 18:30:02,064: WARNING:dheclass.GenerateKeys: DHE Generate New Keys.
2024-10-30 18:30:02,167: WARNING:dheclass.GetPublicKeyExp: DHE Public key export.
2024-10-30 18:30:02,404: WARNING:dheclass.PublicKeyImp: DHE Public key import: MIICJDCCAR....YK60+r9gvU6
2024-10-30 18:30:02,405: WARNING:dheclass.Exchange: DHE Exchange access
2024-10-30 18:31:47,796: INFO:asymencclass.__init__: Init ASYM
2024-10-30 18:31:47,817: INFO:asymencclass.__init__: Public Key Loaded
2024-10-30 18:31:47,817: INFO:symencclass.__init__: Init SYM
2024-10-30 18:31:47,818: INFO:dheclass.__init__: Init DHE
2024-10-30 18:31:47,818: WARNING:dheclass.GenerateKeys: DHE Generate New Keys.
2024-10-30 18:31:47,934: WARNING:dheclass.GetPublicKeyExp: DHE Public key export.
2024-10-30 18:31:48,168: WARNING:dheclass.PublicKeyImp: DHE Public key import: MIICJDCCAR....gL9aUzX+93z
2024-10-30 18:31:48,169: WARNING:dheclass.Exchange: DHE Exchange access
2024-10-30 18:34:02,287: INFO:asymencclass.__init__: Init ASYM
2024-10-30 18:34:02,311: INFO:asymencclass.__init__: Public Key Loaded
2024-10-30 18:34:02,311: INFO:symencclass.__init__: Init SYM
2024-10-30 18:34:02,312: INFO:dheclass.__init__: Init DHE
2024-10-30 18:34:02,312: WARNING:dheclass.GenerateKeys: DHE Generate New Keys.
2024-10-30 18:34:02,402: WARNING:dheclass.GetPublicKeyExp: DHE Public key export.
2024-10-30 18:34:10,109: INFO:asymencclass.__init__: Init ASYM
2024-10-30 18:34:10,131: INFO:asymencclass.__init__: Public Key Loaded
2024-10-30 18:34:10,131: INFO:symencclass.__init__: Init SYM
2024-10-30 18:34:10,132: INFO:dheclass.__init__: Init DHE
2024-10-30 18:34:10,132: WARNING:dheclass.GenerateKeys: DHE Generate New Keys.
2024-10-30 18:34:10,241: WARNING:dheclass.GetPublicKeyExp: DHE Public key export.
2024-10-30 18:34:10,426: WARNING:dheclass.PublicKeyImp: DHE Public key import: MIICJTCCAR....UWclrd5hA==
2024-10-30 18:34:10,427: WARNING:dheclass.Exchange: DHE Exchange access
2024-10-30 18:35:06,468: INFO:asymencclass.__init__: Init ASYM
2024-10-30 18:35:06,489: INFO:asymencclass.__init__: Public Key Loaded
2024-10-30 18:35:06,490: INFO:symencclass.__init__: Init SYM
2024-10-30 18:35:06,490: INFO:dheclass.__init__: Init DHE
2024-10-30 18:35:06,490: WARNING:dheclass.GenerateKeys: DHE Generate New Keys.
2024-10-30 18:35:06,591: WARNING:dheclass.GetPublicKeyExp: DHE Public key export.
2024-10-30 18:35:06,816: WARNING:dheclass.PublicKeyImp: DHE Public key import: MIICJTCCAR....IVdeJ/MFg==
2024-10-30 18:35:06,817: WARNING:dheclass.Exchange: DHE Exchange access
2024-10-30 18:37:49,446: INFO:asymencclass.__init__: Init ASYM
2024-10-30 18:37:49,469: INFO:asymencclass.__init__: Public Key Loaded
2024-10-30 18:37:49,470: INFO:symencclass.__init__: Init SYM
2024-10-30 18:37:49,470: INFO:dheclass.__init__: Init DHE
2024-10-30 18:37:49,471: WARNING:dheclass.GenerateKeys: DHE Generate New Keys.
2024-10-30 18:37:49,567: WARNING:dheclass.GetPublicKeyExp: DHE Public key export.
2024-10-30 18:37:49,748: WARNING:dheclass.PublicKeyImp: DHE Public key import: MIICJDCCAR....+Zhf85zVgxS
2024-10-30 18:37:49,749: WARNING:dheclass.Exchange: DHE Exchange access
2024-10-30 18:38:26,442: INFO:asymencclass.__init__: Init ASYM
2024-10-30 18:38:26,465: INFO:asymencclass.__init__: Public Key Loaded
2024-10-30 18:38:26,465: INFO:symencclass.__init__: Init SYM
2024-10-30 18:38:26,466: INFO:dheclass.__init__: Init DHE
2024-10-30 18:38:26,467: WARNING:dheclass.GenerateKeys: DHE Generate New Keys.
2024-10-30 18:38:26,607: WARNING:dheclass.GetPublicKeyExp: DHE Public key export.
2024-10-30 18:38:26,834: WARNING:dheclass.PublicKeyImp: DHE Public key import: MIICJTCCAR....ny79fFKWA==
2024-10-30 18:38:26,835: WARNING:dheclass.Exchange: DHE Exchange access
2024-10-30 18:38:33,731: INFO:asymencclass.__init__: Init ASYM
2024-10-30 18:38:33,754: INFO:asymencclass.__init__: Public Key Loaded
2024-10-30 18:38:33,754: INFO:symencclass.__init__: Init SYM
2024-10-30 18:38:33,755: INFO:dheclass.__init__: Init DHE
2024-10-30 18:38:33,755: WARNING:dheclass.GenerateKeys: DHE Generate New Keys.
2024-10-30 18:38:33,840: WARNING:dheclass.GetPublicKeyExp: DHE Public key export.
2024-10-30 18:41:17,568: INFO:asymencclass.__init__: Init ASYM
2024-10-30 18:41:17,590: INFO:asymencclass.__init__: Public Key Loaded
2024-10-30 18:41:17,590: INFO:symencclass.__init__: Init SYM
2024-10-30 18:41:17,591: INFO:dheclass.__init__: Init DHE
2024-10-30 18:41:17,591: WARNING:dheclass.GenerateKeys: DHE Generate New Keys.
2024-10-30 18:41:17,679: WARNING:dheclass.GetPublicKeyExp: DHE Public key export.
2024-10-30 18:41:17,858: WARNING:dheclass.PublicKeyImp: DHE Public key import: MIICJDCCAR....FssBQzi16XV
2024-10-30 18:41:17,859: WARNING:dheclass.Exchange: DHE Exchange access
2024-10-30 18:46:36,135: INFO:asymencclass.__init__: Init ASYM
2024-10-30 18:46:36,155: INFO:asymencclass.__init__: Public Key Loaded
2024-10-30 18:46:36,156: INFO:symencclass.__init__: Init SYM
2024-10-30 18:46:36,156: INFO:dheclass.__init__: Init DHE
2024-10-30 18:46:36,157: WARNING:dheclass.GenerateKeys: DHE Generate New Keys.
2024-10-30 18:46:36,254: WARNING:dheclass.GetPublicKeyExp: DHE Public key export.
2024-10-30 18:46:36,436: WARNING:dheclass.PublicKeyImp: DHE Public key import: MIICJDCCAR....ypFkhJatn5S
2024-10-30 18:46:36,437: WARNING:dheclass.Exchange: DHE Exchange access
2024-10-30 18:46:52,531: INFO:asymencclass.__init__: Init ASYM
2024-10-30 18:46:52,551: INFO:asymencclass.__init__: Public Key Loaded
2024-10-30 18:46:52,552: INFO:symencclass.__init__: Init SYM
2024-10-30 18:46:52,552: INFO:dheclass.__init__: Init DHE
2024-10-30 18:46:52,553: WARNING:dheclass.GenerateKeys: DHE Generate New Keys.
2024-10-30 18:46:52,637: WARNING:dheclass.GetPublicKeyExp: DHE Public key export.
2024-10-30 18:49:54,888: INFO:asymencclass.__init__: Init ASYM
2024-10-30 18:49:54,911: INFO:asymencclass.__init__: Public Key Loaded
2024-10-30 18:49:54,911: INFO:symencclass.__init__: Init SYM
2024-10-30 18:49:54,912: INFO:dheclass.__init__: Init DHE
2024-10-30 18:49:54,912: WARNING:dheclass.GenerateKeys: DHE Generate New Keys.
2024-10-30 18:49:55,023: WARNING:dheclass.GetPublicKeyExp: DHE Public key export.
2024-10-30 18:49:55,204: WARNING:dheclass.PublicKeyImp: DHE Public key import: MIICJTCCAR....oVPtIb/bQ==
2024-10-30 18:49:55,205: WARNING:dheclass.Exchange: DHE Exchange access
2024-10-30 18:50:33,660: INFO:asymencclass.__init__: Init ASYM
2024-10-30 18:50:33,681: INFO:asymencclass.__init__: Public Key Loaded
2024-10-30 18:50:33,682: INFO:symencclass.__init__: Init SYM
2024-10-30 18:50:33,682: INFO:dheclass.__init__: Init DHE
2024-10-30 18:50:33,691: WARNING:dheclass.GenerateKeys: DHE Generate New Keys.
2024-10-30 18:50:33,786: WARNING:dheclass.GetPublicKeyExp: DHE Public key export.
2024-10-30 18:50:33,967: WARNING:dheclass.PublicKeyImp: DHE Public key import: MIICJDCCAR....3pqQfjmjqsH
2024-10-30 18:50:33,968: WARNING:dheclass.Exchange: DHE Exchange access
2024-10-30 18:51:09,344: INFO:asymencclass.__init__: Init ASYM
2024-10-30 18:51:09,372: INFO:asymencclass.__init__: Public Key Loaded
2024-10-30 18:51:09,372: INFO:symencclass.__init__: Init SYM
2024-10-30 18:51:09,373: INFO:dheclass.__init__: Init DHE
2024-10-30 18:51:09,373: WARNING:dheclass.GenerateKeys: DHE Generate New Keys.
2024-10-30 18:51:09,483: WARNING:dheclass.GetPublicKeyExp: DHE Public key export.
2024-10-30 18:51:09,678: WARNING:dheclass.PublicKeyImp: DHE Public key import: MIICJDCCAR....2UgiXpTIz50
2024-10-30 18:51:09,679: WARNING:dheclass.Exchange: DHE Exchange access
2024-10-30 18:53:25,197: INFO:asymencclass.__init__: Init ASYM
2024-10-30 18:53:25,217: INFO:asymencclass.__init__: Public Key Loaded
2024-10-30 18:53:25,218: INFO:symencclass.__init__: Init SYM
2024-10-30 18:53:25,218: INFO:dheclass.__init__: Init DHE
2024-10-30 18:53:25,219: WARNING:dheclass.GenerateKeys: DHE Generate New Keys.
2024-10-30 18:53:25,305: WARNING:dheclass.GetPublicKeyExp: DHE Public key export.
2024-10-30 18:53:25,501: WARNING:dheclass.PublicKeyImp: DHE Public key import: MIICJTCCAR....AhQEOeMKQ==
2024-10-30 18:53:25,502: WARNING:dheclass.Exchange: DHE Exchange access
